https://localhost:9292/b?value=1
https://localhost:9292/a?value=11
https://localhost:9292/a?value=12
https://localhost:9292/a?value=13
https://localhost:9292/b?value=2
https://localhost:9292/a?value=21
https://localhost:9292/a?value=22
https://localhost:9292/a?value=23
https://localhost:9292/b?value=3
https://localhost:9292/a?value=31
https://localhost:9292/a?value=32
https://localhost:9292/a?value=33
AB1 = 6512bd43d9caa6e02c990b0a82652dca-c20ad4d76fe97759aa27a0c99bff6710-c51ce410c124a10e0db5e4b97fc2af39-6b86b273ff34fce19d6b804eff5a3f5747ada4eaa22f1d49c01e52ddb7875b4b
https://localhost:9292/c?value=6512bd43d9caa6e02c990b0a82652dca-c20ad4d76fe97759aa27a0c99bff6710-c51ce410c124a10e0db5e4b97fc2af39-6b86b273ff34fce19d6b804eff5a3f5747ada4eaa22f1d49c01e52ddb7875b4b
C1 = ee54918569d9620a4947a184c097ab1a90b33db6b8a009e01cbbe7238f800ecf846068a36ac7ae289a0796face8b471dcfd7e7d55f9081bccd8f2f50c1d4f888
AB2 = 37693cfc748049e45d87b8c7d8b9aacd-3c59dc048e8850243be8079a5c74d079-b6d767d2f8ed5d21a44b0e5886680cb9-d4735e3a265e16eee03f59718b9b5d03019c07d8b6c51f90da3a666eec13ab35
https://localhost:9292/c?value=37693cfc748049e45d87b8c7d8b9aacd-3c59dc048e8850243be8079a5c74d079-b6d767d2f8ed5d21a44b0e5886680cb9-d4735e3a265e16eee03f59718b9b5d03019c07d8b6c51f90da3a666eec13ab35
C2 = 4bc5a33ec7c74626144b5277e887501074b07819ecd9cc506b08e765be1f26a3d7c9fbb59bde46379ca7f0ebf2ef066f38c0a4652d4017a635fc8bdddc070557
AB3 = 182be0c5cdcd5072bb1864cdee4d3d6e-6364d3f0f495b6ab9dcf8d3b5c6e0b01-c16a5320fa475530d9583c34fd356ef5-4e07408562bedb8b60ce05c1decfe3ad16b72230967de01f640b7e4729b49fce
https://localhost:9292/c?value=182be0c5cdcd5072bb1864cdee4d3d6e-6364d3f0f495b6ab9dcf8d3b5c6e0b01-c16a5320fa475530d9583c34fd356ef5-4e07408562bedb8b60ce05c1decfe3ad16b72230967de01f640b7e4729b49fce
C3 = 35bf8dfb6c327259fd05a56a6d47ecfc21965b0f4ff8926b164c32e31cc91d825da1a73bc145cdec04dfbb0862fb14b687f15a8233be15092c4c85da4b7bf94a
https://localhost:9292/a?value=35bf8dfb6c327259fd05a56a6d47ecfc21965b0f4ff8926b164c32e31cc91d825da1a73bc145cdec04dfbb0862fb14b687f15a8233be15092c4c85da4b7bf94a-4bc5a33ec7c74626144b5277e887501074b07819ecd9cc506b08e765be1f26a3d7c9fbb59bde46379ca7f0ebf2ef066f38c0a4652d4017a635fc8bdddc070557-ee54918569d9620a4947a184c097ab1a90b33db6b8a009e01cbbe7238f800ecf846068a36ac7ae289a0796face8b471dcfd7e7d55f9081bccd8f2f50c1d4f888
FINISHED in 6.078406s.
RESULT = 0bbe9ecf251ef4131dd43e1600742cfb